<?xml version="1.0" encoding="UTF-8"?>
<testsuite xmlns:xsi="http://www.w3.org/2001/XMLSchema-instance" xsi:noNamespaceSchemaLocation="https://maven.apache.org/surefire/maven-surefire-plugin/xsd/surefire-test-report.xsd" version="3.0.1" name="appointmentServiceTests.AppointmentTest$AccessorTests" time="0.002" tests="6" errors="0" skipped="0" failures="0">
  <properties>
[...]
</properties>
  <testcase name="testGetAppointmentDateWithNull" classname="appointmentServiceTests.AppointmentTest$AccessorTests" time="0.0"/>
  <testcase name="testGetDescriptionWithNull" classname="appointmentServiceTests.AppointmentTest$AccessorTests" time="0.0"/>
  <testcase name="testGetAppointmentIDWithNull" classname="appointmentServiceTests.AppointmentTest$AccessorTests" time="0.0"/>
  <testcase name="testGetAppointmentDate" classname="appointmentServiceTests.AppointmentTest$AccessorTests" time="0.001"/>
  <testcase name="testGetDescription" classname="appointmentServiceTests.AppointmentTest$AccessorTests" time="0.0"/>
  <testcase name="testGetAppointmentID" classname="appointmentServiceTests.AppointmentTest$AccessorTests" time="0.0"/>
</testsuite>